2020-10-16 14:21:02.349 ERROR 16308 --- [http-nio-8080-exec-1] com.training.org.SpringAppApplication    : error message
2020-10-16 14:21:06.582 ERROR 16308 --- [http-nio-8080-exec-2] com.training.org.SpringAppApplication    : error message
2020-10-16 14:21:07.454 ERROR 16308 --- [http-nio-8080-exec-3] com.training.org.SpringAppApplication    : error message
2020-10-16 14:22:09.096  INFO 16308 --- [restartedMain] com.training.org.SpringAppApplication    : Starting SpringAppApplication on MariaDB-04 with PID 16308 (C:\Users\Brunda\Documents\SpringBoot\SpringApp\target\classes started by brunda in C:\Users\Brunda\Documents\SpringBoot\SpringApp)
2020-10-16 14:22:09.099  INFO 16308 --- [restartedMain] com.training.org.SpringAppApplication    : No active profile set, falling back to default profiles: default
2020-10-16 14:22:09.967  INFO 16308 --- [restartedMain] o.s.b.w.embedded.tomcat.TomcatWebServer  : Tomcat initialized with port(s): 8080 (http)
2020-10-16 14:22:09.971  INFO 16308 --- [restartedMain] o.apache.catalina.core.StandardService   : Starting service [Tomcat]
2020-10-16 14:22:09.997  INFO 16308 --- [restartedMain] org.apache.catalina.core.StandardEngine  : Starting Servlet engine: [Apache Tomcat/9.0.38]
2020-10-16 14:22:10.243  INFO 16308 --- [restartedMain] o.a.c.c.C.[Tomcat-5].[localhost].[/]     : Initializing Spring embedded WebApplicationContext
2020-10-16 14:22:10.245  INFO 16308 --- [restartedMain] w.s.c.ServletWebServerApplicationContext : Root WebApplicationContext: initialization completed in 1133 ms
2020-10-16 14:22:10.413  INFO 16308 --- [restartedMain] o.s.s.concurrent.ThreadPoolTaskExecutor  : Initializing ExecutorService 'applicationTaskExecutor'
2020-10-16 14:22:10.564  INFO 16308 --- [restartedMain] o.s.b.d.a.OptionalLiveReloadServer       : LiveReload server is running on port 35729
2020-10-16 14:22:10.617  INFO 16308 --- [restartedMain] o.s.b.w.embedded.tomcat.TomcatWebServer  : Tomcat started on port(s): 8080 (http) with context path ''
2020-10-16 14:22:10.637  INFO 16308 --- [restartedMain] com.training.org.SpringAppApplication    : Started SpringAppApplication in 1.656 seconds (JVM running for 6464.498)
2020-10-16 14:22:10.642  INFO 16308 --- [restartedMain] .ConditionEvaluationDeltaLoggingListener : Condition evaluation unchanged
2020-10-16 14:22:12.057  INFO 16308 --- [http-nio-8080-exec-1] o.a.c.c.C.[Tomcat-5].[localhost].[/]     : Initializing Spring DispatcherServlet 'dispatcherServlet'
2020-10-16 14:22:12.059  INFO 16308 --- [http-nio-8080-exec-1] o.s.web.servlet.DispatcherServlet        : Initializing Servlet 'dispatcherServlet'
2020-10-16 14:22:12.066  INFO 16308 --- [http-nio-8080-exec-1] o.s.web.servlet.DispatcherServlet        : Completed initialization in 5 ms
2020-10-16 14:22:12.071  INFO 16308 --- [http-nio-8080-exec-1] com.training.org.SpringAppApplication    : Info message
2020-10-16 14:22:12.073  WARN 16308 --- [http-nio-8080-exec-1] com.training.org.SpringAppApplication    : Warning message
2020-10-16 14:22:12.073 ERROR 16308 --- [http-nio-8080-exec-1] com.training.org.SpringAppApplication    : error message
2020-10-16 14:36:29.135  INFO 16308 --- [Thread-135] o.s.s.concurrent.ThreadPoolTaskExecutor  : Shutting down ExecutorService 'applicationTaskExecutor'
2020-10-16 14:36:29.449  INFO 16308 --- [restartedMain] com.training.org.SpringAppApplication    : Starting SpringAppApplication on MariaDB-04 with PID 16308 (C:\Users\Brunda\Documents\SpringBoot\SpringApp\target\classes started by brunda in C:\Users\Brunda\Documents\SpringBoot\SpringApp)
2020-10-16 14:36:29.450  INFO 16308 --- [restartedMain] com.training.org.SpringAppApplication    : No active profile set, falling back to default profiles: default
2020-10-16 14:36:30.183  INFO 16308 --- [restartedMain] o.s.b.w.embedded.tomcat.TomcatWebServer  : Tomcat initialized with port(s): 8080 (http)
2020-10-16 14:36:30.191  INFO 16308 --- [restartedMain] o.apache.catalina.core.StandardService   : Starting service [Tomcat]
2020-10-16 14:36:30.193  INFO 16308 --- [restartedMain] org.apache.catalina.core.StandardEngine  : Starting Servlet engine: [Apache Tomcat/9.0.38]
2020-10-16 14:36:30.259  INFO 16308 --- [restartedMain] o.a.c.c.C.[Tomcat-5].[localhost].[/]     : Initializing Spring embedded WebApplicationContext
2020-10-16 14:36:30.262  INFO 16308 --- [restartedMain] w.s.c.ServletWebServerApplicationContext : Root WebApplicationContext: initialization completed in 801 ms
2020-10-16 14:36:30.402  INFO 16308 --- [restartedMain] o.s.s.concurrent.ThreadPoolTaskExecutor  : Initializing ExecutorService 'applicationTaskExecutor'
2020-10-16 14:36:30.778  INFO 16308 --- [restartedMain] o.s.b.d.a.OptionalLiveReloadServer       : LiveReload server is running on port 35729
2020-10-16 14:36:30.832  INFO 16308 --- [restartedMain] o.s.b.w.embedded.tomcat.TomcatWebServer  : Tomcat started on port(s): 8080 (http) with context path ''
2020-10-16 14:36:30.844  INFO 16308 --- [restartedMain] com.training.org.SpringAppApplication    : Started SpringAppApplication in 1.517 seconds (JVM running for 7324.733)
2020-10-16 14:36:30.856  INFO 16308 --- [restartedMain] .ConditionEvaluationDeltaLoggingListener : Condition evaluation unchanged
2020-10-16 14:40:50.725  INFO 16308 --- [Thread-140] o.s.s.concurrent.ThreadPoolTaskExecutor  : Shutting down ExecutorService 'applicationTaskExecutor'
2020-10-16 14:40:51.269  INFO 16308 --- [restartedMain] com.training.org.SpringAppApplication    : Starting SpringAppApplication on MariaDB-04 with PID 16308 (C:\Users\Brunda\Documents\SpringBoot\SpringApp\target\classes started by brunda in C:\Users\Brunda\Documents\SpringBoot\SpringApp)
2020-10-16 14:40:51.270  INFO 16308 --- [restartedMain] com.training.org.SpringAppApplication    : No active profile set, falling back to default profiles: default
2020-10-16 14:40:52.024  INFO 16308 --- [restartedMain] o.s.b.w.embedded.tomcat.TomcatWebServer  : Tomcat initialized with port(s): 8080 (http)
2020-10-16 14:40:52.025  INFO 16308 --- [restartedMain] o.apache.catalina.core.StandardService   : Starting service [Tomcat]
2020-10-16 14:40:52.025  INFO 16308 --- [restartedMain] org.apache.catalina.core.StandardEngine  : Starting Servlet engine: [Apache Tomcat/9.0.38]
2020-10-16 14:40:52.095  INFO 16308 --- [restartedMain] o.a.c.c.C.[Tomcat-5].[localhost].[/]     : Initializing Spring embedded WebApplicationContext
2020-10-16 14:40:52.095  INFO 16308 --- [restartedMain] w.s.c.ServletWebServerApplicationContext : Root WebApplicationContext: initialization completed in 791 ms
2020-10-16 14:40:52.259  INFO 16308 --- [restartedMain] o.s.s.concurrent.ThreadPoolTaskExecutor  : Initializing ExecutorService 'applicationTaskExecutor'
2020-10-16 14:40:52.434  INFO 16308 --- [restartedMain] o.s.b.d.a.OptionalLiveReloadServer       : LiveReload server is running on port 35729
2020-10-16 14:40:52.494  INFO 16308 --- [restartedMain] o.s.b.w.embedded.tomcat.TomcatWebServer  : Tomcat started on port(s): 8080 (http) with context path ''
2020-10-16 14:40:52.509  INFO 16308 --- [restartedMain] com.training.org.SpringAppApplication    : Started SpringAppApplication in 1.43 seconds (JVM running for 7586.408)
2020-10-16 14:40:52.518  INFO 16308 --- [restartedMain] .ConditionEvaluationDeltaLoggingListener : Condition evaluation unchanged
2020-10-16 14:42:26.075  INFO 16308 --- [Thread-145] o.s.s.concurrent.ThreadPoolTaskExecutor  : Shutting down ExecutorService 'applicationTaskExecutor'
2020-10-16 14:42:26.371  INFO 16308 --- [restartedMain] com.training.org.SpringAppApplication    : Starting SpringAppApplication on MariaDB-04 with PID 16308 (C:\Users\Brunda\Documents\SpringBoot\SpringApp\target\classes started by brunda in C:\Users\Brunda\Documents\SpringBoot\SpringApp)
2020-10-16 14:42:26.374  INFO 16308 --- [restartedMain] com.training.org.SpringAppApplication    : No active profile set, falling back to default profiles: default
2020-10-16 14:42:27.399  INFO 16308 --- [restartedMain] o.s.b.w.embedded.tomcat.TomcatWebServer  : Tomcat initialized with port(s): 8080 (http)
2020-10-16 14:42:27.413  INFO 16308 --- [restartedMain] o.apache.catalina.core.StandardService   : Starting service [Tomcat]
2020-10-16 14:42:27.414  INFO 16308 --- [restartedMain] org.apache.catalina.core.StandardEngine  : Starting Servlet engine: [Apache Tomcat/9.0.38]
2020-10-16 14:42:27.494  INFO 16308 --- [restartedMain] o.a.c.c.C.[Tomcat-5].[localhost].[/]     : Initializing Spring embedded WebApplicationContext
2020-10-16 14:42:27.494  INFO 16308 --- [restartedMain] w.s.c.ServletWebServerApplicationContext : Root WebApplicationContext: initialization completed in 1109 ms
2020-10-16 14:42:27.626  INFO 16308 --- [restartedMain] o.s.s.concurrent.ThreadPoolTaskExecutor  : Initializing ExecutorService 'applicationTaskExecutor'
2020-10-16 14:42:27.733  INFO 16308 --- [restartedMain] o.s.b.d.a.OptionalLiveReloadServer       : LiveReload server is running on port 35729
2020-10-16 14:42:27.770  INFO 16308 --- [restartedMain] o.s.b.w.embedded.tomcat.TomcatWebServer  : Tomcat started on port(s): 8080 (http) with context path ''
2020-10-16 14:42:27.782  INFO 16308 --- [restartedMain] com.training.org.SpringAppApplication    : Started SpringAppApplication in 1.513 seconds (JVM running for 7681.683)
2020-10-16 14:42:27.790  INFO 16308 --- [restartedMain] .ConditionEvaluationDeltaLoggingListener : Condition evaluation unchanged
2020-10-16 14:43:25.260  INFO 16308 --- [Thread-150] o.s.s.concurrent.ThreadPoolTaskExecutor  : Shutting down ExecutorService 'applicationTaskExecutor'
2020-10-16 14:43:25.651  INFO 16308 --- [restartedMain] com.training.org.SpringAppApplication    : Starting SpringAppApplication on MariaDB-04 with PID 16308 (C:\Users\Brunda\Documents\SpringBoot\SpringApp\target\classes started by brunda in C:\Users\Brunda\Documents\SpringBoot\SpringApp)
2020-10-16 14:43:25.652  INFO 16308 --- [restartedMain] com.training.org.SpringAppApplication    : No active profile set, falling back to default profiles: default
2020-10-16 14:43:26.791  INFO 16308 --- [restartedMain] o.s.b.w.embedded.tomcat.TomcatWebServer  : Tomcat initialized with port(s): 8080 (http)
2020-10-16 14:43:26.794  INFO 16308 --- [restartedMain] o.apache.catalina.core.StandardService   : Starting service [Tomcat]
2020-10-16 14:43:26.794  INFO 16308 --- [restartedMain] org.apache.catalina.core.StandardEngine  : Starting Servlet engine: [Apache Tomcat/9.0.38]
2020-10-16 14:43:26.861  INFO 16308 --- [restartedMain] o.a.c.c.C.[Tomcat-5].[localhost].[/]     : Initializing Spring embedded WebApplicationContext
2020-10-16 14:43:26.862  INFO 16308 --- [restartedMain] w.s.c.ServletWebServerApplicationContext : Root WebApplicationContext: initialization completed in 1199 ms
2020-10-16 14:43:27.073  INFO 16308 --- [restartedMain] o.s.s.concurrent.ThreadPoolTaskExecutor  : Initializing ExecutorService 'applicationTaskExecutor'
2020-10-16 14:43:27.280  INFO 16308 --- [restartedMain] o.s.b.d.a.OptionalLiveReloadServer       : LiveReload server is running on port 35729
2020-10-16 14:43:27.323  INFO 16308 --- [restartedMain] o.s.b.w.embedded.tomcat.TomcatWebServer  : Tomcat started on port(s): 8080 (http) with context path ''
2020-10-16 14:43:27.336  INFO 16308 --- [restartedMain] com.training.org.SpringAppApplication    : Started SpringAppApplication in 1.841 seconds (JVM running for 7741.239)
2020-10-16 14:43:27.342  INFO 16308 --- [restartedMain] .ConditionEvaluationDeltaLoggingListener : Condition evaluation unchanged
2020-10-16 14:45:00.921  INFO 16308 --- [Thread-155] o.s.s.concurrent.ThreadPoolTaskExecutor  : Shutting down ExecutorService 'applicationTaskExecutor'
2020-10-16 14:45:01.110  INFO 16308 --- [restartedMain] com.training.org.SpringAppApplication    : Starting SpringAppApplication on MariaDB-04 with PID 16308 (C:\Users\Brunda\Documents\SpringBoot\SpringApp\target\classes started by brunda in C:\Users\Brunda\Documents\SpringBoot\SpringApp)
2020-10-16 14:45:01.110  INFO 16308 --- [restartedMain] com.training.org.SpringAppApplication    : No active profile set, falling back to default profiles: default
2020-10-16 14:45:01.392  INFO 16308 --- [restartedMain] o.s.b.w.embedded.tomcat.TomcatWebServer  : Tomcat initialized with port(s): 8080 (http)
2020-10-16 14:45:01.393  INFO 16308 --- [restartedMain] o.apache.catalina.core.StandardService   : Starting service [Tomcat]
2020-10-16 14:45:01.394  INFO 16308 --- [restartedMain] org.apache.catalina.core.StandardEngine  : Starting Servlet engine: [Apache Tomcat/9.0.38]
2020-10-16 14:45:01.419  INFO 16308 --- [restartedMain] o.a.c.c.C.[Tomcat-5].[localhost].[/]     : Initializing Spring embedded WebApplicationContext
2020-10-16 14:45:01.419  INFO 16308 --- [restartedMain] w.s.c.ServletWebServerApplicationContext : Root WebApplicationContext: initialization completed in 305 ms
2020-10-16 14:45:01.469  INFO 16308 --- [restartedMain] o.s.s.concurrent.ThreadPoolTaskExecutor  : Initializing ExecutorService 'applicationTaskExecutor'
2020-10-16 14:45:01.512  INFO 16308 --- [restartedMain] o.s.b.d.a.OptionalLiveReloadServer       : LiveReload server is running on port 35729
2020-10-16 14:45:01.527  INFO 16308 --- [restartedMain] o.s.b.w.embedded.tomcat.TomcatWebServer  : Tomcat started on port(s): 8080 (http) with context path ''
2020-10-16 14:45:01.533  INFO 16308 --- [restartedMain] com.training.org.SpringAppApplication    : Started SpringAppApplication in 0.483 seconds (JVM running for 7835.439)
2020-10-16 14:45:01.535  INFO 16308 --- [restartedMain] .ConditionEvaluationDeltaLoggingListener : Condition evaluation unchanged
2020-10-16 14:45:20.290  INFO 16308 --- [http-nio-8080-exec-1] o.a.c.c.C.[Tomcat-5].[localhost].[/]     : Initializing Spring DispatcherServlet 'dispatcherServlet'
2020-10-16 14:45:20.292  INFO 16308 --- [http-nio-8080-exec-1] o.s.web.servlet.DispatcherServlet        : Initializing Servlet 'dispatcherServlet'
2020-10-16 14:45:20.295  INFO 16308 --- [http-nio-8080-exec-1] o.s.web.servlet.DispatcherServlet        : Completed initialization in 3 ms
2020-10-16 14:45:20.299  INFO 16308 --- [http-nio-8080-exec-1] com.training.org.SpringAppApplication    : Info message
2020-10-16 14:45:20.299  WARN 16308 --- [http-nio-8080-exec-1] com.training.org.SpringAppApplication    : Warning message
2020-10-16 14:45:20.302 ERROR 16308 --- [http-nio-8080-exec-1] com.training.org.SpringAppApplication    : error message
2020-10-16 15:08:41.744  INFO 16308 --- [Thread-160] o.s.s.concurrent.ThreadPoolTaskExecutor  : Shutting down ExecutorService 'applicationTaskExecutor'
2020-10-16 15:08:41.909  INFO 16308 --- [restartedMain] com.training.org.SpringAppApplication    : Starting SpringAppApplication on MariaDB-04 with PID 16308 (C:\Users\Brunda\Documents\SpringBoot\SpringApp\target\classes started by brunda in C:\Users\Brunda\Documents\SpringBoot\SpringApp)
2020-10-16 15:08:41.910  INFO 16308 --- [restartedMain] com.training.org.SpringAppApplication    : No active profile set, falling back to default profiles: default
2020-10-16 15:08:42.253  INFO 16308 --- [restartedMain] o.s.b.w.embedded.tomcat.TomcatWebServer  : Tomcat initialized with port(s): 8080 (http)
2020-10-16 15:08:42.254  INFO 16308 --- [restartedMain] o.apache.catalina.core.StandardService   : Starting service [Tomcat]
2020-10-16 15:08:42.254  INFO 16308 --- [restartedMain] org.apache.catalina.core.StandardEngine  : Starting Servlet engine: [Apache Tomcat/9.0.38]
2020-10-16 15:08:42.279  INFO 16308 --- [restartedMain] o.a.c.c.C.[Tomcat-5].[localhost].[/]     : Initializing Spring embedded WebApplicationContext
2020-10-16 15:08:42.280  INFO 16308 --- [restartedMain] w.s.c.ServletWebServerApplicationContext : Root WebApplicationContext: initialization completed in 365 ms
2020-10-16 15:08:42.343  INFO 16308 --- [restartedMain] o.s.s.concurrent.ThreadPoolTaskExecutor  : Initializing ExecutorService 'applicationTaskExecutor'
2020-10-16 15:08:42.405  INFO 16308 --- [restartedMain] o.s.b.d.a.OptionalLiveReloadServer       : LiveReload server is running on port 35729
2020-10-16 15:08:42.428  INFO 16308 --- [restartedMain] o.s.b.w.embedded.tomcat.TomcatWebServer  : Tomcat started on port(s): 8080 (http) with context path ''
2020-10-16 15:08:42.435  INFO 16308 --- [restartedMain] com.training.org.SpringAppApplication    : Started SpringAppApplication in 0.587 seconds (JVM running for 9256.386)
2020-10-16 15:08:42.438  INFO 16308 --- [restartedMain] .ConditionEvaluationDeltaLoggingListener : Condition evaluation unchanged
2020-10-16 15:10:19.593  INFO 16308 --- [Thread-165] o.s.s.concurrent.ThreadPoolTaskExecutor  : Shutting down ExecutorService 'applicationTaskExecutor'
2020-10-16 15:10:19.959  INFO 16308 --- [restartedMain] com.training.org.SpringAppApplication    : Starting SpringAppApplication on MariaDB-04 with PID 16308 (C:\Users\Brunda\Documents\SpringBoot\SpringApp\target\classes started by brunda in C:\Users\Brunda\Documents\SpringBoot\SpringApp)
2020-10-16 15:10:19.960  INFO 16308 --- [restartedMain] com.training.org.SpringAppApplication    : No active profile set, falling back to default profiles: default
2020-10-16 15:10:20.620  INFO 16308 --- [restartedMain] o.s.b.w.embedded.tomcat.TomcatWebServer  : Tomcat initialized with port(s): 8080 (http)
2020-10-16 15:10:20.624  INFO 16308 --- [restartedMain] o.apache.catalina.core.StandardService   : Starting service [Tomcat]
2020-10-16 15:10:20.624  INFO 16308 --- [restartedMain] org.apache.catalina.core.StandardEngine  : Starting Servlet engine: [Apache Tomcat/9.0.38]
2020-10-16 15:10:20.681  INFO 16308 --- [restartedMain] o.a.c.c.C.[Tomcat-5].[localhost].[/]     : Initializing Spring embedded WebApplicationContext
2020-10-16 15:10:20.682  INFO 16308 --- [restartedMain] w.s.c.ServletWebServerApplicationContext : Root WebApplicationContext: initialization completed in 706 ms
2020-10-16 15:10:20.816  INFO 16308 --- [restartedMain] o.s.s.concurrent.ThreadPoolTaskExecutor  : Initializing ExecutorService 'applicationTaskExecutor'
2020-10-16 15:10:20.962  INFO 16308 --- [restartedMain] o.s.b.d.a.OptionalLiveReloadServer       : LiveReload server is running on port 35729
2020-10-16 15:10:21.034  INFO 16308 --- [restartedMain] o.s.b.w.embedded.tomcat.TomcatWebServer  : Tomcat started on port(s): 8080 (http) with context path ''
2020-10-16 15:10:21.047  INFO 16308 --- [restartedMain] com.training.org.SpringAppApplication    : Started SpringAppApplication in 1.236 seconds (JVM running for 9355.0)
2020-10-16 15:10:21.051  INFO 16308 --- [restartedMain] .ConditionEvaluationDeltaLoggingListener : Condition evaluation unchanged
2020-10-16 15:10:23.054  INFO 16308 --- [RMI TCP Connection(160)-127.0.0.1] inMXBeanRegistrar$SpringApplicationAdmin : Application shutdown requested.
2020-10-16 15:10:23.129  INFO 16308 --- [RMI TCP Connection(160)-127.0.0.1] o.s.s.concurrent.ThreadPoolTaskExecutor  : Shutting down ExecutorService 'applicationTaskExecutor'
2020-10-16 15:16:31.003  INFO 15572 --- [restartedMain] com.training.org.SpringAppApplication    : Starting SpringAppApplication on MariaDB-04 with PID 15572 (C:\Users\Brunda\Documents\SpringBoot\SpringApp\target\classes started by brunda in C:\Users\Brunda\Documents\SpringBoot\SpringApp)
2020-10-16 15:16:31.019  INFO 15572 --- [restartedMain] com.training.org.SpringAppApplication    : No active profile set, falling back to default profiles: default
2020-10-16 15:16:31.249  INFO 15572 --- [restartedMain] .e.DevToolsPropertyDefaultsPostProcessor : Devtools property defaults active! Set 'spring.devtools.add-properties' to 'false' to disable
2020-10-16 15:16:31.251  INFO 15572 --- [restartedMain] .e.DevToolsPropertyDefaultsPostProcessor : For additional web related logging consider setting the 'logging.level.web' property to 'DEBUG'
2020-10-16 15:16:34.478  INFO 15572 --- [restartedMain] o.s.b.w.embedded.tomcat.TomcatWebServer  : Tomcat initialized with port(s): 8080 (http)
2020-10-16 15:16:34.519  INFO 15572 --- [restartedMain] o.apache.catalina.core.StandardService   : Starting service [Tomcat]
2020-10-16 15:16:34.520  INFO 15572 --- [restartedMain] org.apache.catalina.core.StandardEngine  : Starting Servlet engine: [Apache Tomcat/9.0.38]
2020-10-16 15:16:34.810  INFO 15572 --- [restartedMain] o.a.c.c.C.[Tomcat].[localhost].[/]       : Initializing Spring embedded WebApplicationContext
2020-10-16 15:16:34.818  INFO 15572 --- [restartedMain] w.s.c.ServletWebServerApplicationContext : Root WebApplicationContext: initialization completed in 3564 ms
2020-10-16 15:16:34.996  WARN 15572 --- [restartedMain] ConfigServletWebServerApplicationContext : Exception encountered during context initialization - cancelling refresh attempt: org.springframework.boot.context.properties.ConfigurationPropertiesBindException: Error creating bean with name 'springAppApplication': Could not bind properties to 'SpringAppApplication' : prefix=mail, ignoreInvalidFields=false, ignoreUnknownFields=true; nested exception is org.springframework.boot.context.properties.bind.BindException: Failed to bind properties under 'mail.user.roles[0]' to javax.management.relation.Role
2020-10-16 15:16:35.007  INFO 15572 --- [restartedMain] o.apache.catalina.core.StandardService   : Stopping service [Tomcat]
2020-10-16 15:16:35.069  INFO 15572 --- [restartedMain] ConditionEvaluationReportLoggingListener : 

Error starting ApplicationContext. To display the conditions report re-run your application with 'debug' enabled.
2020-10-16 15:16:35.085 ERROR 15572 --- [restartedMain] o.s.b.d.LoggingFailureAnalysisReporter   : 

***************************
APPLICATION FAILED TO START
***************************

Description:

Failed to bind properties under 'mail.user.roles[0]' to javax.management.relation.Role:

    Property: mail.user.roles[0]
    Value: Student
    Origin: class path resource [application.properties]:34:20
    Reason: No converter found capable of converting from type [java.lang.String] to type [javax.management.relation.Role]

Action:

Update your application's configuration

2020-10-16 15:17:39.784  INFO 17184 --- [restartedMain] com.training.org.SpringAppApplication    : Starting SpringAppApplication on MariaDB-04 with PID 17184 (C:\Users\Brunda\Documents\SpringBoot\SpringApp\target\classes started by brunda in C:\Users\Brunda\Documents\SpringBoot\SpringApp)
2020-10-16 15:17:39.795  INFO 17184 --- [restartedMain] com.training.org.SpringAppApplication    : No active profile set, falling back to default profiles: default
2020-10-16 15:17:39.926  INFO 17184 --- [restartedMain] .e.DevToolsPropertyDefaultsPostProcessor : Devtools property defaults active! Set 'spring.devtools.add-properties' to 'false' to disable
2020-10-16 15:17:39.927  INFO 17184 --- [restartedMain] .e.DevToolsPropertyDefaultsPostProcessor : For additional web related logging consider setting the 'logging.level.web' property to 'DEBUG'
2020-10-16 15:17:41.702  INFO 17184 --- [restartedMain] o.s.b.w.embedded.tomcat.TomcatWebServer  : Tomcat initialized with port(s): 8080 (http)
2020-10-16 15:17:41.718  INFO 17184 --- [restartedMain] o.apache.catalina.core.StandardService   : Starting service [Tomcat]
2020-10-16 15:17:41.719  INFO 17184 --- [restartedMain] org.apache.catalina.core.StandardEngine  : Starting Servlet engine: [Apache Tomcat/9.0.38]
2020-10-16 15:17:41.911  INFO 17184 --- [restartedMain] o.a.c.c.C.[Tomcat].[localhost].[/]       : Initializing Spring embedded WebApplicationContext
2020-10-16 15:17:41.912  INFO 17184 --- [restartedMain] w.s.c.ServletWebServerApplicationContext : Root WebApplicationContext: initialization completed in 1985 ms
2020-10-16 15:17:42.017  WARN 17184 --- [restartedMain] ConfigServletWebServerApplicationContext : Exception encountered during context initialization - cancelling refresh attempt: org.springframework.boot.context.properties.ConfigurationPropertiesBindException: Error creating bean with name 'springAppApplication': Could not bind properties to 'SpringAppApplication' : prefix=mail, ignoreInvalidFields=false, ignoreUnknownFields=true; nested exception is org.springframework.boot.context.properties.bind.BindException: Failed to bind properties under 'mail.user.roles[0]' to javax.management.relation.Role
2020-10-16 15:17:42.023  INFO 17184 --- [restartedMain] o.apache.catalina.core.StandardService   : Stopping service [Tomcat]
2020-10-16 15:17:42.051  INFO 17184 --- [restartedMain] ConditionEvaluationReportLoggingListener : 

Error starting ApplicationContext. To display the conditions report re-run your application with 'debug' enabled.
2020-10-16 15:17:42.061 ERROR 17184 --- [restartedMain] o.s.b.d.LoggingFailureAnalysisReporter   : 

***************************
APPLICATION FAILED TO START
***************************

Description:

Failed to bind properties under 'mail.user.roles[0]' to javax.management.relation.Role:

    Property: mail.user.roles[0]
    Value: Student
    Origin: class path resource [application.properties]:34:20
    Reason: No converter found capable of converting from type [java.lang.String] to type [javax.management.relation.Role]

Action:

Update your application's configuration

2020-10-16 15:20:05.731  INFO 10212 --- [restartedMain] com.training.org.SpringAppApplication    : Starting SpringAppApplication on MariaDB-04 with PID 10212 (C:\Users\Brunda\Documents\SpringBoot\SpringApp\target\classes started by brunda in C:\Users\Brunda\Documents\SpringBoot\SpringApp)
2020-10-16 15:20:05.741  INFO 10212 --- [restartedMain] com.training.org.SpringAppApplication    : No active profile set, falling back to default profiles: default
2020-10-16 15:20:06.037  INFO 10212 --- [restartedMain] .e.DevToolsPropertyDefaultsPostProcessor : Devtools property defaults active! Set 'spring.devtools.add-properties' to 'false' to disable
2020-10-16 15:20:06.039  INFO 10212 --- [restartedMain] .e.DevToolsPropertyDefaultsPostProcessor : For additional web related logging consider setting the 'logging.level.web' property to 'DEBUG'
2020-10-16 15:20:09.595  INFO 10212 --- [restartedMain] o.s.b.w.embedded.tomcat.TomcatWebServer  : Tomcat initialized with port(s): 8080 (http)
2020-10-16 15:20:09.625  INFO 10212 --- [restartedMain] o.apache.catalina.core.StandardService   : Starting service [Tomcat]
2020-10-16 15:20:09.626  INFO 10212 --- [restartedMain] org.apache.catalina.core.StandardEngine  : Starting Servlet engine: [Apache Tomcat/9.0.38]
2020-10-16 15:20:09.928  INFO 10212 --- [restartedMain] o.a.c.c.C.[Tomcat].[localhost].[/]       : Initializing Spring embedded WebApplicationContext
2020-10-16 15:20:09.930  INFO 10212 --- [restartedMain] w.s.c.ServletWebServerApplicationContext : Root WebApplicationContext: initialization completed in 3889 ms
2020-10-16 15:20:10.198  WARN 10212 --- [restartedMain] ConfigServletWebServerApplicationContext : Exception encountered during context initialization - cancelling refresh attempt: org.springframework.boot.context.properties.ConfigurationPropertiesBindException: Error creating bean with name 'springAppApplication': Could not bind properties to 'SpringAppApplication' : prefix=mail, ignoreInvalidFields=false, ignoreUnknownFields=true; nested exception is org.springframework.boot.context.properties.bind.BindException: Failed to bind properties under 'mail.user.roles[0]' to com.training.org.Role
2020-10-16 15:20:10.208  INFO 10212 --- [restartedMain] o.apache.catalina.core.StandardService   : Stopping service [Tomcat]
2020-10-16 15:20:10.266  INFO 10212 --- [restartedMain] ConditionEvaluationReportLoggingListener : 

Error starting ApplicationContext. To display the conditions report re-run your application with 'debug' enabled.
2020-10-16 15:20:10.687 ERROR 10212 --- [restartedMain] o.s.b.d.LoggingFailureAnalysisReporter   : 

***************************
APPLICATION FAILED TO START
***************************

Description:

Failed to bind properties under 'mail.user.roles[0]' to com.training.org.Role:

    Property: mail.user.roles[0].name
    Value: Student
    Origin: class path resource [application.properties]:34:25
    Reason: No setter found for property: name

Action:

Update your application's configuration

2020-10-16 15:21:31.476  INFO 9620 --- [restartedMain] com.training.org.SpringAppApplication    : Starting SpringAppApplication on MariaDB-04 with PID 9620 (C:\Users\Brunda\Documents\SpringBoot\SpringApp\target\classes started by brunda in C:\Users\Brunda\Documents\SpringBoot\SpringApp)
2020-10-16 15:21:31.490  INFO 9620 --- [restartedMain] com.training.org.SpringAppApplication    : No active profile set, falling back to default profiles: default
2020-10-16 15:21:31.633  INFO 9620 --- [restartedMain] .e.DevToolsPropertyDefaultsPostProcessor : Devtools property defaults active! Set 'spring.devtools.add-properties' to 'false' to disable
2020-10-16 15:21:31.634  INFO 9620 --- [restartedMain] .e.DevToolsPropertyDefaultsPostProcessor : For additional web related logging consider setting the 'logging.level.web' property to 'DEBUG'
2020-10-16 15:21:33.582  INFO 9620 --- [restartedMain] o.s.b.w.embedded.tomcat.TomcatWebServer  : Tomcat initialized with port(s): 8080 (http)
2020-10-16 15:21:33.596  INFO 9620 --- [restartedMain] o.apache.catalina.core.StandardService   : Starting service [Tomcat]
2020-10-16 15:21:33.597  INFO 9620 --- [restartedMain] org.apache.catalina.core.StandardEngine  : Starting Servlet engine: [Apache Tomcat/9.0.38]
2020-10-16 15:21:33.711  INFO 9620 --- [restartedMain] o.a.c.c.C.[Tomcat].[localhost].[/]       : Initializing Spring embedded WebApplicationContext
2020-10-16 15:21:33.712  INFO 9620 --- [restartedMain] w.s.c.ServletWebServerApplicationContext : Root WebApplicationContext: initialization completed in 2077 ms
2020-10-16 15:21:34.030  INFO 9620 --- [restartedMain] o.s.s.concurrent.ThreadPoolTaskExecutor  : Initializing ExecutorService 'applicationTaskExecutor'
2020-10-16 15:21:34.271  INFO 9620 --- [restartedMain] o.s.b.d.a.OptionalLiveReloadServer       : LiveReload server is running on port 35729
2020-10-16 15:21:34.342  INFO 9620 --- [restartedMain] o.s.b.w.embedded.tomcat.TomcatWebServer  : Tomcat started on port(s): 8080 (http) with context path ''
2020-10-16 15:21:34.364  INFO 9620 --- [restartedMain] com.training.org.SpringAppApplication    : Started SpringAppApplication in 3.837 seconds (JVM running for 5.396)
2020-10-16 15:21:44.586  INFO 9620 --- [http-nio-8080-exec-1] o.a.c.c.C.[Tomcat].[localhost].[/]       : Initializing Spring DispatcherServlet 'dispatcherServlet'
2020-10-16 15:21:44.592  INFO 9620 --- [http-nio-8080-exec-1] o.s.web.servlet.DispatcherServlet        : Initializing Servlet 'dispatcherServlet'
2020-10-16 15:21:44.640  INFO 9620 --- [http-nio-8080-exec-1] o.s.web.servlet.DispatcherServlet        : Completed initialization in 47 ms
2020-10-16 15:21:44.703  INFO 9620 --- [http-nio-8080-exec-1] com.training.org.SpringAppApplication    : Info message
2020-10-16 15:21:44.703  WARN 9620 --- [http-nio-8080-exec-1] com.training.org.SpringAppApplication    : Warning message
2020-10-16 15:21:44.704 ERROR 9620 --- [http-nio-8080-exec-1] com.training.org.SpringAppApplication    : error message
